<?xml version="1.0" encoding="UTF-8"?>
<!-- Generated by org.testng.reporters.JUnitReportReporter -->
<testsuite skipped="0" hostname="KREDDIHA-8T49Q" name="Automation.Demo" tests="1" failures="0" timestamp="2020-03-27T08:46:53 IST" time="18.582" errors="0">
  <testcase name="testDemo" time="18.582" classname="Automation.Demo"/>
  <system-out/>
</testsuite> <!-- Automation.Demo -->
