<?xml version="1.0" encoding="UTF-8"?>
<!-- Generated by org.testng.reporters.JUnitReportReporter -->
<testsuite skipped="0" hostname="KREDDIHA-8T49Q" name="Automation.Demo" tests="1" failures="0" timestamp="27 Mar 2020 10:18:34 GMT" time="223.917" errors="0">
  <testcase name="testDemo" time="223.917" classname="Automation.Demo"/>
</testsuite> <!-- Automation.Demo -->
